[2026-06-18 13:40:27] [INFO] TensorPix Account Maker Bot — CroxyProxy Edition
[2026-06-18 13:40:27] [INFO] Target accounts : 1
[2026-06-18 13:40:27] [INFO] Password        : TpixAcc2026!
[2026-06-18 13:40:27] [INFO] Register URL    : https://app.tensorpix.ai/register
[2026-06-18 13:40:27] [INFO] Login URL       : https://app.tensorpix.ai/login
[2026-06-18 13:40:27] [INFO] Credentials file: account_credentials.txt
[2026-06-18 13:40:27] [INFO] Log file        : /home/runner/work/Account-Maker-Hourly/Account-Maker-Hourly/tensorpix_bot.log
[2026-06-18 13:40:29] [INFO] ------------------------------------------------------------
[2026-06-18 13:40:29] [INFO] Starting account 1 of 1
[2026-06-18 13:40:29] [INFO] ============================================================
[2026-06-18 13:40:29] [INFO] ACCOUNT 1 — creating temp email ...
[2026-06-18 13:40:30] [INFO] Created inbox: 9vzbwg1u@bobthebuidnns.opik.net  (id=cf2878d6-ca9e-464c-9b49-331c18145482)
[2026-06-18 13:40:30] [INFO] CroxyProxy: navigating to https://www.croxyproxy.com
[2026-06-18 13:40:33] [INFO] CroxyProxy: typing target URL into input bar
[2026-06-18 13:40:34] [INFO] CroxyProxy: waiting 8s for proxied page to load ...
[2026-06-18 13:40:42] [INFO] CroxyProxy: page ready (current URL fragment: https://208.87.240.35/register?__cpo=aHR0cHM6Ly9hcHAudGVuc29ycGl4LmFp)
[2026-06-18 13:40:42] [INFO] Register attempt 1/3
[2026-06-18 13:40:43] [INFO] Register: entered email
[2026-06-18 13:40:43] [INFO] Register: entered password
[2026-06-18 13:40:44] [INFO] Register: clicked 'Create account'
[2026-06-18 13:40:50] [INFO] ACCOUNT 1 — registration submitted, waiting for email ...
[2026-06-18 13:40:50] [INFO] Polling for verification email (inbox=cf2878d6-ca9e-464c-9b49-331c18145482, timeout=180s) ...
[2026-06-18 13:40:50] [INFO] Verification link found (poll #1)
[2026-06-18 13:40:50] [INFO] ACCOUNT 1 — verification link: https://app.tensorpix.ai/verify-user/?user_id=2916317&timestamp=1781790045&signature=ANS7pKEQrWZdEkb
[2026-06-18 13:40:50] [INFO] CroxyProxy: navigating to https://www.croxyproxy.com
[2026-06-18 13:40:53] [INFO] CroxyProxy: typing target URL into input bar
[2026-06-18 13:40:55] [INFO] CroxyProxy: waiting 8s for proxied page to load ...
[2026-06-18 13:41:03] [INFO] CroxyProxy: page ready (current URL fragment: https://108.181.2.202/login?__cpo=aHR0cHM6Ly9hcHAudGVuc29ycGl4LmFp)
[2026-06-18 13:41:03] [INFO] ACCOUNT 1 — verification page loaded, waiting ...
[2026-06-18 13:41:08] [INFO] CroxyProxy: navigating to https://www.croxyproxy.com
[2026-06-18 13:41:12] [INFO] CroxyProxy: typing target URL into input bar
[2026-06-18 13:41:12] [INFO] CroxyProxy: waiting 8s for proxied page to load ...
[2026-06-18 13:41:20] [INFO] CroxyProxy: page ready (current URL fragment: https://108.181.33.135/login?__cpo=aHR0cHM6Ly9hcHAudGVuc29ycGl4LmFp)
[2026-06-18 13:41:21] [INFO] Login: entered email
[2026-06-18 13:41:21] [INFO] Login: entered password
[2026-06-18 13:41:22] [INFO] Login: clicked 'Sign in'
[2026-06-18 13:41:28] [INFO] ACCOUNT 1 — logged in, waiting 5s ...
[2026-06-18 13:41:33] [INFO] ACCOUNT 1 — DONE  email=9vzbwg1u@bobthebuidnns.opik.net  saved to account_credentials.txt
[2026-06-18 13:41:34] [INFO] ============================================================
[2026-06-18 13:41:34] [INFO] SUMMARY: 1 created, 0 failed (of 1 requested)
[2026-06-18 13:41:34] [INFO] Credentials saved to: account_credentials.txt
[2026-06-18 13:41:34] [INFO] ============================================================
